<?xml version="1.0" encoding="UTF-8"?>
<testng-results skipped="0" failed="0" total="1" passed="1">
  <reporter-output>
  </reporter-output>
  <suite name="Default suite" duration-ms="18945" started-at="2019-03-04T18:57:38Z" finished-at="2019-03-04T18:57:57Z">
    <groups>
    </groups>
    <test name="Default test" duration-ms="18945" started-at="2019-03-04T18:57:38Z" finished-at="2019-03-04T18:57:57Z">
      <class name="Lesson01.SelenuimWebDriver">
        <test-method status="PASS" signature="f()[pri:0, instance:Lesson01.SelenuimWebDriver@2b98378d]" name="f" duration-ms="18918" started-at="2019-03-04T20:57:38Z" finished-at="2019-03-04T20:57:57Z">
          <reporter-output>
          </reporter-output>
        </test-method> <!-- f -->
      </class> <!-- Lesson01.SelenuimWebDriver -->
    </test> <!-- Default test -->
  </suite> <!-- Default suite -->
</testng-results>
