<?xml version="1.0" encoding="UTF-8"?>
<testng-results skipped="0" failed="1" total="1" passed="0">
  <reporter-output>
  </reporter-output>
  <suite name="Default suite" duration-ms="46347" started-at="2019-03-21T19:45:55Z" finished-at="2019-03-21T19:46:41Z">
    <groups>
    </groups>
    <test name="Default test" duration-ms="46347" started-at="2019-03-21T19:45:55Z" finished-at="2019-03-21T19:46:41Z">
      <class name="Lesson01.SelenuimWebDriver">
        <test-method status="PASS" signature="beforeStart()[pri:0, instance:Lesson01.SelenuimWebDriver@1d057a39]" name="beforeStart" is-config="true" duration-ms="12026" started-at="2019-03-21T21:45:55Z" finished-at="2019-03-21T21:46:07Z">
          <reporter-output>
          </reporter-output>
        </test-method> <!-- beforeStart -->
        <test-method status="FAIL" signature="f()[pri:0, instance:Lesson01.SelenuimWebDriver@1d057a39]" name="f" duration-ms="32677" started-at="2019-03-21T21:46:07Z" finished-at="2019-03-21T21:46:40Z">
          <exception class="org.junit.ComparisonFailure">
            <message>
              <![CDATA[expected:<[Ratings and Reviews for New Movies and TV Shows - IMDb]> but was:<[https://www.imdb.com]>]]>
            </message>
            <full-stacktrace>
              <![CDATA[org.junit.ComparisonFailure: expected:<[Ratings and Reviews for New Movies and TV Shows - IMDb]> but was:<[https://www.imdb.com]>
	at org.junit.Assert.assertEquals(Assert.java:115)
	at org.junit.Assert.assertEquals(Assert.java:144)
	at Lesson01.SelenuimWebDriver.f(SelenuimWebDriver.java:34)
	at sun.reflect.NativeMethodAccessorImpl.invoke0(Native Method)
	at sun.reflect.NativeMethodAccessorImpl.invoke(Unknown Source)
	at sun.reflect.DelegatingMethodAccessorImpl.invoke(Unknown Source)
	at java.lang.reflect.Method.invoke(Unknown Source)
	at org.testng.internal.MethodInvocationHelper.invokeMethod(MethodInvocationHelper.java:100)
	at org.testng.internal.Invoker.invokeMethod(Invoker.java:646)
	at org.testng.internal.Invoker.invokeTestMethod(Invoker.java:811)
	at org.testng.internal.Invoker.invokeTestMethods(Invoker.java:1129)
	at org.testng.internal.TestMethodWorker.invokeTestMethods(TestMethodWorker.java:129)
	at org.testng.internal.TestMethodWorker.run(TestMethodWorker.java:112)
	at org.testng.TestRunner.privateRun(TestRunner.java:746)
	at org.testng.TestRunner.run(TestRunner.java:600)
	at org.testng.SuiteRunner.runTest(SuiteRunner.java:366)
	at org.testng.SuiteRunner.runSequentially(SuiteRunner.java:361)
	at org.testng.SuiteRunner.privateRun(SuiteRunner.java:319)
	at org.testng.SuiteRunner.run(SuiteRunner.java:268)
	at org.testng.SuiteRunnerWorker.runSuite(SuiteRunnerWorker.java:52)
	at org.testng.SuiteRunnerWorker.run(SuiteRunnerWorker.java:86)
	at org.testng.TestNG.runSuitesSequentially(TestNG.java:1264)
	at org.testng.TestNG.runSuitesLocally(TestNG.java:1189)
	at org.testng.TestNG.runSuites(TestNG.java:1104)
	at org.testng.TestNG.run(TestNG.java:1076)
	at org.testng.remote.AbstractRemoteTestNG.run(AbstractRemoteTestNG.java:126)
	at org.testng.remote.RemoteTestNG.initAndRun(RemoteTestNG.java:152)
	at org.testng.remote.RemoteTestNG.main(RemoteTestNG.java:57)
]]>
            </full-stacktrace>
          </exception> <!-- org.junit.ComparisonFailure -->
          <reporter-output>
          </reporter-output>
        </test-method> <!-- f -->
        <test-method status="PASS" signature="closeSession()[pri:0, instance:Lesson01.SelenuimWebDriver@1d057a39]" name="closeSession" is-config="true" duration-ms="1499" started-at="2019-03-21T21:46:40Z" finished-at="2019-03-21T21:46:41Z">
          <reporter-output>
          </reporter-output>
        </test-method> <!-- closeSession -->
      </class> <!-- Lesson01.SelenuimWebDriver -->
    </test> <!-- Default test -->
  </suite> <!-- Default suite -->
</testng-results>
